<?xml version="1.0" encoding="UTF-8"?>
<testsuite xmlns:xsi="http://www.w3.org/2001/XMLSchema-instance" xsi:noNamespaceSchemaLocation="https://maven.apache.org/surefire/maven-surefire-plugin/xsd/surefire-test-report.xsd" name="TestSuite" time="9.487" tests="2" errors="0" skipped="0" failures="2">
  <properties>
[...]
</properties>
  <testcase name="doLoginTest" classname="com.qa.opencart.tests.LoginPageTest" time="0.012">
    <failure message="Cannot invoke &quot;com.qa.opencart.pages.LoginPage.doLogin()&quot; because &quot;this.loginPage&quot; is null" type="java.lang.NullPointerException">java.lang.NullPointerException: Cannot invoke "com.qa.opencart.pages.LoginPage.doLogin()" because "this.loginPage" is null
	at com.qa.opencart.tests.LoginPageTest.doLoginTest(LoginPageTest.java:32)
</failure>
    <system-out><![CDATA[2022-09-08 00:18:53,411 main ERROR Unable to locate appender "LOGFILE" for logger config "/src/test/resources"
Browser launch is : chrome
[DEBUG] 2022-09-08 00:18:54.589 [main] InternalLoggerFactory - Using Log4J2 as the default logging framework
[DEBUG] 2022-09-08 00:18:54.598 [main] ResourceLeakDetector - -Dio.netty.leakDetection.level: simple
[DEBUG] 2022-09-08 00:18:54.598 [main] ResourceLeakDetector - -Dio.netty.leakDetection.targetRecords: 4
[DEBUG] 2022-09-08 00:18:54.604 [main] ResourceLeakDetectorFactory - Loaded default ResourceLeakDetector: io.netty.util.ResourceLeakDetector@64040287
[DEBUG] 2022-09-08 00:18:54.632 [main] PlatformDependent0 - -Dio.netty.noUnsafe: false
[DEBUG] 2022-09-08 00:18:54.632 [main] PlatformDependent0 - Java version: 16
[DEBUG] 2022-09-08 00:18:54.635 [main] PlatformDependent0 - sun.misc.Unsafe.theUnsafe: available
[DEBUG] 2022-09-08 00:18:54.636 [main] PlatformDependent0 - sun.misc.Unsafe.copyMemory: available
[DEBUG] 2022-09-08 00:18:54.637 [main] PlatformDependent0 - sun.misc.Unsafe.storeFence: available
[DEBUG] 2022-09-08 00:18:54.637 [main] PlatformDependent0 - java.nio.Buffer.address: available
[DEBUG] 2022-09-08 00:18:54.638 [main] PlatformDependent0 - direct buffer constructor: unavailable: Reflective setAccessible(true) disabled
[DEBUG] 2022-09-08 00:18:54.640 [main] PlatformDependent0 - java.nio.Bits.unaligned: available, true
[DEBUG] 2022-09-08 00:18:54.642 [main] PlatformDependent0 - jdk.internal.misc.Unsafe.allocateUninitializedArray(int): unavailable: class io.netty.util.internal.PlatformDependent0$7 cannot access class jdk.internal.misc.Unsafe (in module java.base) because module java.base does not export jdk.internal.misc to unnamed module @58c1c010
[DEBUG] 2022-09-08 00:18:54.644 [main] PlatformDependent0 - java.nio.DirectByteBuffer.<init>(long, int): unavailable
[DEBUG] 2022-09-08 00:18:54.644 [main] PlatformDependent - sun.misc.Unsafe: available
[DEBUG] 2022-09-08 00:18:54.645 [main] PlatformDependent - maxDirectMemory: 5326766080 bytes (maybe)
[DEBUG] 2022-09-08 00:18:54.646 [main] PlatformDependent - -Dio.netty.tmpdir: C:\Users\pjoshi\AppData\Local\Temp (java.io.tmpdir)
[DEBUG] 2022-09-08 00:18:54.646 [main] PlatformDependent - -Dio.netty.bitMode: 64 (sun.arch.data.model)
[DEBUG] 2022-09-08 00:18:54.647 [main] PlatformDependent - Platform: Windows
[DEBUG] 2022-09-08 00:18:54.647 [main] PlatformDependent - -Dio.netty.maxDirectMemory: -1 bytes
[DEBUG] 2022-09-08 00:18:54.648 [main] PlatformDependent - -Dio.netty.uninitializedArrayAllocationThreshold: -1
[DEBUG] 2022-09-08 00:18:54.650 [main] CleanerJava9 - java.nio.ByteBuffer.cleaner(): available
[DEBUG] 2022-09-08 00:18:54.650 [main] PlatformDependent - -Dio.netty.noPreferDirect: false
[DEBUG] 2022-09-08 00:18:54.678 [main] PlatformDependent - org.jctools-core.MpscChunkedArrayQueue: available
[DEBUG] 2022-09-08 00:18:54.758 [main] InternalThreadLocalMap - -Dio.netty.threadLocalMap.stringBuilder.initialSize: 1024
[DEBUG] 2022-09-08 00:18:54.758 [main] InternalThreadLocalMap - -Dio.netty.threadLocalMap.stringBuilder.maxSize: 4096
[DEBUG] 2022-09-08 00:18:54.816 [main] JdkSslContext - Default protocols (JDK): [TLSv1.3, TLSv1.2] 
[DEBUG] 2022-09-08 00:18:54.818 [main] JdkSslContext - Default cipher suites (JDK): [TLS_ECDHE_ECDSA_WITH_AES_256_GCM_SHA384, TLS_ECDHE_ECDSA_WITH_AES_128_GCM_SHA256, TLS_ECDHE_RSA_WITH_AES_128_GCM_SHA256, TLS_ECDHE_RSA_WITH_AES_256_GCM_SHA384, TLS_ECDHE_RSA_WITH_AES_128_CBC_SHA, TLS_ECDHE_RSA_WITH_AES_256_CBC_SHA, TLS_RSA_WITH_AES_128_GCM_SHA256, TLS_RSA_WITH_AES_128_CBC_SHA, TLS_RSA_WITH_AES_256_CBC_SHA, TLS_AES_128_GCM_SHA256, TLS_AES_256_GCM_SHA384]
[DEBUG] 2022-09-08 00:18:54.866 [main] MultithreadEventLoopGroup - -Dio.netty.eventLoopThreads: 8
[DEBUG] 2022-09-08 00:18:54.883 [main] NioEventLoop - -Dio.netty.noKeySetOptimization: false
[DEBUG] 2022-09-08 00:18:54.884 [main] NioEventLoop - -Dio.netty.selectorAutoRebuildThreshold: 512
[DEBUG] 2022-09-08 00:18:54.979 [main] PooledByteBufAllocator - -Dio.netty.allocator.numHeapArenas: 8
[DEBUG] 2022-09-08 00:18:54.979 [main] PooledByteBufAllocator - -Dio.netty.allocator.numDirectArenas: 8
[DEBUG] 2022-09-08 00:18:54.980 [main] PooledByteBufAllocator - -Dio.netty.allocator.pageSize: 8192
[DEBUG] 2022-09-08 00:18:54.980 [main] PooledByteBufAllocator - -Dio.netty.allocator.maxOrder: 9
[DEBUG] 2022-09-08 00:18:54.980 [main] PooledByteBufAllocator - -Dio.netty.allocator.chunkSize: 4194304
[DEBUG] 2022-09-08 00:18:54.980 [main] PooledByteBufAllocator - -Dio.netty.allocator.smallCacheSize: 256
[DEBUG] 2022-09-08 00:18:54.982 [main] PooledByteBufAllocator - -Dio.netty.allocator.normalCacheSize: 64
[DEBUG] 2022-09-08 00:18:54.983 [main] PooledByteBufAllocator - -Dio.netty.allocator.maxCachedBufferCapacity: 32768
[DEBUG] 2022-09-08 00:18:54.983 [main] PooledByteBufAllocator - -Dio.netty.allocator.cacheTrimInterval: 8192
[DEBUG] 2022-09-08 00:18:54.983 [main] PooledByteBufAllocator - -Dio.netty.allocator.cacheTrimIntervalMillis: 0
[DEBUG] 2022-09-08 00:18:54.983 [main] PooledByteBufAllocator - -Dio.netty.allocator.useCacheForAllThreads: false
[DEBUG] 2022-09-08 00:18:54.983 [main] PooledByteBufAllocator - -Dio.netty.allocator.maxCachedByteBuffersPerChunk: 1023
[DEBUG] 2022-09-08 00:18:55.001 [main] ByteBufUtil - -Dio.netty.allocator.type: pooled
[DEBUG] 2022-09-08 00:18:55.002 [main] ByteBufUtil - -Dio.netty.threadLocalDirectBufferSize: 0
[DEBUG] 2022-09-08 00:18:55.002 [main] ByteBufUtil - -Dio.netty.maxThreadLocalCharBufferSize: 16384
[DEBUG] 2022-09-08 00:18:55.603 [Forwarding newSession on session null to remote] DefaultChannelId - -Dio.netty.processId: 100932 (auto-detected)
[DEBUG] 2022-09-08 00:18:55.609 [Forwarding newSession on session null to remote] NetUtil - -Djava.net.preferIPv4Stack: false
[DEBUG] 2022-09-08 00:18:55.609 [Forwarding newSession on session null to remote] NetUtil - -Djava.net.preferIPv6Addresses: false
[DEBUG] 2022-09-08 00:18:55.632 [Forwarding newSession on session null to remote] NetUtilInitializations - Loopback interface: lo (Software Loopback Interface 1, 127.0.0.1)
[DEBUG] 2022-09-08 00:18:55.633 [Forwarding newSession on session null to remote] NetUtil - Failed to get SOMAXCONN from sysctl and file \proc\sys\net\core\somaxconn. Default: 200
[DEBUG] 2022-09-08 00:18:55.686 [Forwarding newSession on session null to remote] DefaultChannelId - -Dio.netty.machineId: ac:74:b1:ff:fe:96:ac:58 (auto-detected)
[DEBUG] 2022-09-08 00:18:55.792 [AsyncHttpClient-1-2] AbstractByteBuf - -Dio.netty.buffer.checkAccessible: true
[DEBUG] 2022-09-08 00:18:55.792 [AsyncHttpClient-1-2] AbstractByteBuf - -Dio.netty.buffer.checkBounds: true
[DEBUG] 2022-09-08 00:18:55.792 [AsyncHttpClient-1-2] ResourceLeakDetectorFactory - Loaded default ResourceLeakDetector: io.netty.util.ResourceLeakDetector@6097efcc
[DEBUG] 2022-09-08 00:18:55.829 [AsyncHttpClient-1-2] Recycler - -Dio.netty.recycler.maxCapacityPerThread: 4096
[DEBUG] 2022-09-08 00:18:55.829 [AsyncHttpClient-1-2] Recycler - -Dio.netty.recycler.ratio: 8
[DEBUG] 2022-09-08 00:18:55.830 [AsyncHttpClient-1-2] Recycler - -Dio.netty.recycler.chunkSize: 32
[DEBUG] 2022-09-08 00:18:55.830 [AsyncHttpClient-1-2] Recycler - -Dio.netty.recycler.blocking: false
[DEBUG] 2022-09-08 00:18:57.315 [AsyncHttpClient-1-2] Brotli - brotli4j not in the classpath; Brotli support will be unavailable.
[DEBUG] 2022-09-08 00:18:57.666 [main] ThreadLocalRandom - -Dio.netty.initialSeedUniquifier: 0x3ecd19500a4707a5
]]></system-out>
    <system-err><![CDATA[SLF4J: Failed to load class "org.slf4j.impl.StaticLoggerBinder".
SLF4J: Defaulting to no-operation (NOP) logger implementation
SLF4J: See http://www.slf4j.org/codes.html#StaticLoggerBinder for further details.
Starting ChromeDriver 104.0.5112.79 (3cf3e8c8a07d104b9e1260c910efb8f383285dc5-refs/branch-heads/5112@{#1307}) on port 62649
Only local connections are allowed.
Please see https://chromedriver.chromium.org/security-considerations for suggestions on keeping ChromeDriver safe.
ChromeDriver was started successfully.
Sep 08, 2022 12:18:57 AM org.openqa.selenium.remote.ProtocolHandshake createSession
INFO: Detected upstream dialect: W3C
Sep 08, 2022 12:18:57 AM org.openqa.selenium.devtools.CdpVersionFinder findNearestMatch
WARNING: Unable to find an exact match for CDP version 104, so returning the closest version found: 103
Sep 08, 2022 12:18:57 AM org.openqa.selenium.devtools.CdpVersionFinder findNearestMatch
INFO: Found CDP implementation for version 104 of 103
]]></system-err>
  </testcase>
  <testcase name="additems" classname="com.qa.opencart.tests.LoginPageTest" time="0">
    <failure message="Cannot invoke &quot;com.qa.opencart.pages.HomePage.selectItem()&quot; because &quot;this.homePage&quot; is null" type="java.lang.NullPointerException">java.lang.NullPointerException: Cannot invoke "com.qa.opencart.pages.HomePage.selectItem()" because "this.homePage" is null
	at com.qa.opencart.tests.LoginPageTest.additems(LoginPageTest.java:46)
</failure>
  </testcase>
</testsuite>